<?xml version="1.0" encoding="UTF-8"?>
<!-- Generated by org.testng.reporters.JUnitXMLReporter -->
<testsuite ignored="0" hostname="TJ-" failures="0" tests="3" name="Default test" time="0.085" errors="0" timestamp="2024-10-28T20:24:44 IST">
  <testcase classname="Demo.SecondTestCase" name="TestMethod_1" time="0.009"/>
  <testcase classname="Demo.SecondTestCase" name="TestMethod_2" time="0.006"/>
  <testcase classname="Demo.SecondTestCase" name="TestMethod_3" time="0.002"/>
</testsuite> <!-- Default test -->
