<?xml version="1.0" encoding="UTF-8"?>
<!-- Generated by org.testng.reporters.JUnitXMLReporter -->
<testsuite ignored="1" hostname="TJ-" failures="0" tests="2" name="Test(failed)(failed)" time="0.092" errors="0" timestamp="2024-10-26T08:40:36 IST">
  <testcase classname="Demo.SecondTestCase" name="TestMethod_3" time="0.014"/>
  <testcase classname="Demo.SecondTestCase" name="TestMethod_2" time="0.007"/>
  <testcase classname="Demo.SecondTestCase" name="TestMethod_1" time="0.0">
    <ignored/>
  </testcase> <!-- TestMethod_1 -->
</testsuite> <!-- Test(failed)(failed) -->
