<?xml version="1.0" encoding="UTF-8"?>
<!-- Generated by org.testng.reporters.JUnitXMLReporter -->
<testsuite ignored="0" hostname="TJ-" failures="1" tests="5" name="Test" time="6.441" errors="0" timestamp="2024-10-27T23:17:04 IST">
  <testcase classname="Demo.TestClass" name="TestMethod1" time="0.014"/>
  <testcase classname="Demo.TestClass" name="TestMethod2" time="0.003"/>
  <testcase classname="Demo.TestClass" name="TestMethod3" time="0.021">
    <failure type="java.lang.AssertionError" message="expected [true] but found [false]">
      <![CDATA[java.lang.AssertionError: expected [true] but found [false]
at Demo.TestClass.TestMethod3(TestClass.java:24)
at java.base/java.util.ArrayList.forEach(ArrayList.java:1511)
... Removed 31 stack frames]]>
    </failure>
  </testcase> <!-- TestMethod3 -->
  <testcase classname="Demo.AssertionExample" name="VerifyPageTitle" time="0.028"/>
  <testcase classname="Demo.AssertionExample" name="verifyGoogleImage" time="0.06"/>
</testsuite> <!-- Test -->
