<?xml version="1.0" encoding="UTF-8"?>
<!-- Generated by org.testng.reporters.JUnitXMLReporter -->
<testsuite ignored="1" hostname="TJ-" failures="0" tests="5" name="TestGroupDemo" time="0.071" errors="0" timestamp="2024-10-26T10:34:10 IST">
  <testcase classname="Demo.GroupDemo" name="test1" time="0.01"/>
  <testcase classname="Demo.GroupDemo" name="test2" time="0.001"/>
  <testcase classname="Demo.GroupDemo" name="test3" time="0.002"/>
  <testcase classname="Demo.GroupDemo" name="test4" time="0.003"/>
  <testcase classname="Demo.GroupDemo" name="test5" time="0.001"/>
  <testcase classname="Demo.GroupDemo" name="test6" time="0.0">
    <ignored/>
  </testcase> <!-- test6 -->
</testsuite> <!-- TestGroupDemo -->
