<?xml version="1.0" encoding="UTF-8"?>
<!-- Generated by org.testng.reporters.JUnitXMLReporter -->
<testsuite ignored="0" hostname="TJ-" failures="0" tests="6" name="Test2" time="0.049" errors="0" timestamp="2024-10-26T09:39:59 IST">
  <testcase classname="Demo.TestNGAnnotation" name="testMethod1" time="0.001"/>
  <testcase classname="Demo.TestNGAnnotation" name="testMethod2" time="0.003"/>
  <testcase classname="Demo.TestNGAnnotation" name="testMethod3" time="0.001"/>
  <testcase classname="Demo.FirstTestCase" name="setup" time="0.001"/>
  <testcase classname="Demo.FirstTestCase" name="login" time="0.003"/>
  <testcase classname="Demo.FirstTestCase" name="close" time="0.001"/>
</testsuite> <!-- Test2 -->
