<?xml version="1.0" encoding="UTF-8"?>
<!-- Generated by org.testng.reporters.JUnitXMLReporter -->
<testsuite ignored="0" hostname="TJ-" failures="0" tests="6" name="Test TC_001" time="0.551" errors="0" timestamp="2024-10-26T08:26:40 IST">
  <testcase classname="Demo.FirstTestCase" name="setup" time="0.096"/>
  <testcase classname="Demo.FirstTestCase" name="login" time="0.051"/>
  <testcase classname="Demo.FirstTestCase" name="close" time="0.004"/>
  <testcase classname="Demo.SecondTestCase" name="TestMethod_1" time="0.011"/>
  <testcase classname="Demo.SecondTestCase" name="TestMethod_2" time="0.013"/>
  <testcase classname="Demo.SecondTestCase" name="TestMethod_3" time="0.005"/>
</testsuite> <!-- Test TC_001 -->
