<?xml version="1.0" encoding="UTF-8"?>
<!-- Generated by org.testng.reporters.JUnitXMLReporter -->
<testsuite ignored="0" hostname="TJ-" failures="0" tests="6" name="TestSuite" time="0.095" errors="0" timestamp="2024-10-26T08:28:29 IST">
  <testcase classname="Demo.FirstTestCase" name="setup" time="0.009"/>
  <testcase classname="Demo.FirstTestCase" name="login" time="0.004"/>
  <testcase classname="Demo.FirstTestCase" name="close" time="0.003"/>
  <testcase classname="Demo.SecondTestCase" name="TestMethod_1" time="0.001"/>
  <testcase classname="Demo.SecondTestCase" name="TestMethod_2" time="0.003"/>
  <testcase classname="Demo.SecondTestCase" name="TestMethod_3" time="0.004"/>
</testsuite> <!-- TestSuite -->
